  Ants.cpp
  Autori.cpp
c:\users\school\documents\github\kattis-solutions\autori.cpp(4): fatal error C1083: Cannot open include file: 'stdafx.h': No such file or directory
  baloni.cpp
c:\users\school\documents\github\kattis-solutions\baloni.cpp(18): error C2664: 'std::vector<std::vector<int,std::allocator<_Ty>>,std::allocator<std::vector<_Ty,std::allocator<_Ty>>>>::vector(std::vector<std::vector<_Ty,std::allocator<_Ty>>,std::allocator<std::vector<_Ty,std::allocator<_Ty>>>> &&,const _Alloc &) noexcept(<expr>)': cannot convert argument 2 from 'int' to 'const _Alloc &'
          with
          [
              _Ty=int,
              _Alloc=std::allocator<std::vector<int,std::allocator<int>>>
          ]
          and
          [
              _Alloc=std::allocator<std::vector<int,std::allocator<int>>>
          ]
  c:\users\school\documents\github\kattis-solutions\baloni.cpp(18): note: Reason: cannot convert from 'int' to 'const _Alloc'
          with
          [
              _Alloc=std::allocator<std::vector<int,std::allocator<int>>>
          ]
  c:\users\school\documents\github\kattis-solutions\baloni.cpp(18): note: No constructor could take the source type, or constructor overload resolution was ambiguous
c:\users\school\documents\github\kattis-solutions\baloni.cpp(19): error C2664: 'std::vector<std::vector<int,std::allocator<_Ty>>,std::allocator<std::vector<_Ty,std::allocator<_Ty>>>>::vector(std::vector<std::vector<_Ty,std::allocator<_Ty>>,std::allocator<std::vector<_Ty,std::allocator<_Ty>>>> &&,const _Alloc &) noexcept(<expr>)': cannot convert argument 2 from 'int' to 'const _Alloc &'
          with
          [
              _Ty=int,
              _Alloc=std::allocator<std::vector<int,std::allocator<int>>>
          ]
          and
          [
              _Alloc=std::allocator<std::vector<int,std::allocator<int>>>
          ]
  c:\users\school\documents\github\kattis-solutions\baloni.cpp(19): note: Reason: cannot convert from 'int' to 'const _Alloc'
          with
          [
              _Alloc=std::allocator<std::vector<int,std::allocator<int>>>
          ]
  c:\users\school\documents\github\kattis-solutions\baloni.cpp(19): note: No constructor could take the source type, or constructor overload resolution was ambiguous
c:\users\school\documents\github\kattis-solutions\baloni.cpp(28): error C2065: 'balloonDistance': undeclared identifier
c:\users\school\documents\github\kattis-solutions\baloni.cpp(31): error C2065: 'balloonDistance': undeclared identifier
c:\users\school\documents\github\kattis-solutions\baloni.cpp(33): error C2065: 'balloonDistance': undeclared identifier
c:\users\school\documents\github\kattis-solutions\baloni.cpp(34): error C2065: 'balloonDistance': undeclared identifier
c:\users\school\documents\github\kattis-solutions\baloni.cpp(36): error C2065: 'arrowDistance': undeclared identifier
c:\users\school\documents\github\kattis-solutions\baloni.cpp(36): error C2065: 'balloonDistance': undeclared identifier
c:\users\school\documents\github\kattis-solutions\baloni.cpp(40): error C2065: 'arrowDistance': undeclared identifier
c:\users\school\documents\github\kattis-solutions\baloni.cpp(40): error C2065: 'balloonDistance': undeclared identifier
c:\users\school\documents\github\kattis-solutions\baloni.cpp(48): error C2065: 'arrowDistance': undeclared identifier
c:\users\school\documents\github\kattis-solutions\baloni.cpp(48): error C2065: 'balloonDistance': undeclared identifier
  Bijele.cpp
c:\users\school\documents\github\kattis-solutions\bijele.cpp(4): fatal error C1083: Cannot open include file: 'stdafx.h': No such file or directory
  Booking A Room.cpp
c:\users\school\documents\github\kattis-solutions\booking a room.cpp(4): fatal error C1083: Cannot open include file: 'stdafx.h': No such file or directory
  carrots.cpp
c:\users\school\documents\github\kattis-solutions\carrots.cpp(4): fatal error C1083: Cannot open include file: 'stdafx.h': No such file or directory
  Coast Length.cpp
c:\users\school\documents\github\kattis-solutions\coast length.cpp(4): fatal error C1083: Cannot open include file: 'stdafx.h': No such file or directory
  Cold-puter Science.cpp
c:\users\school\documents\github\kattis-solutions\cold-puter science.cpp(4): fatal error C1083: Cannot open include file: 'stdafx.h': No such file or directory
  Dice Cup.cpp
c:\users\school\documents\github\kattis-solutions\dice cup.cpp(4): fatal error C1083: Cannot open include file: 'stdafx.h': No such file or directory
  easiest.cpp
c:\users\school\documents\github\kattis-solutions\easiest.cpp(4): fatal error C1083: Cannot open include file: 'stdafx.h': No such file or directory
  everywhere.cpp
c:\users\school\documents\github\kattis-solutions\everywhere.cpp(4): fatal error C1083: Cannot open include file: 'stdafx.h': No such file or directory
  False Sense of Security.cpp
c:\users\school\documents\github\kattis-solutions\false sense of security.cpp(61): warning C4018: '<': signed/unsigned mismatch
c:\users\school\documents\github\kattis-solutions\false sense of security.cpp(65): warning C4018: '<': signed/unsigned mismatch
  fizzbuzz.cpp
c:\users\school\documents\github\kattis-solutions\fizzbuzz.cpp(4): fatal error C1083: Cannot open include file: 'stdafx.h': No such file or directory
  grassseed.cpp
c:\users\school\documents\github\kattis-solutions\grassseed.cpp(4): fatal error C1083: Cannot open include file: 'stdafx.h': No such file or directory
  I Wanna Be the Guy.cpp
c:\users\school\documents\github\kattis-solutions\i wanna be the guy.cpp(4): fatal error C1083: Cannot open include file: 'stdafx.h': No such file or directory
  jackpot.cpp
c:\users\school\documents\github\kattis-solutions\jackpot.cpp(4): fatal error C1083: Cannot open include file: 'stdafx.h': No such file or directory
  Lucky Numbers.cpp
c:\users\school\documents\github\kattis-solutions\lucky numbers.cpp(4): fatal error C1083: Cannot open include file: 'stdafx.h': No such file or directory
  main.cpp
c:\users\school\documents\github\kattis-solutions\main.cpp(1): fatal error C1083: Cannot open include file: 'stdafx.h': No such file or directory
  Making a string.cpp
c:\users\school\documents\github\kattis-solutions\making a string.cpp(4): fatal error C1083: Cannot open include file: 'stdafx.h': No such file or directory
  mixedfractions.cpp
c:\users\school\documents\github\kattis-solutions\mixedfractions.cpp(4): fatal error C1083: Cannot open include file: 'stdafx.h': No such file or directory
  Generating Code...
c:\users\school\documents\github\kattis-solutions\false sense of security.cpp(24): warning C4715: 'charToMorse': not all control paths return a value
c:\users\school\documents\github\kattis-solutions\false sense of security.cpp(48): warning C4715: 'morseToChar': not all control paths return a value
  Compiling...
  oddities.cpp
c:\users\school\documents\github\kattis-solutions\oddities.cpp(4): fatal error C1083: Cannot open include file: 'stdafx.h': No such file or directory
  Parking.cpp
c:\users\school\documents\github\kattis-solutions\parking.cpp(4): fatal error C1083: Cannot open include file: 'stdafx.h': No such file or directory
  smartphone.cpp
c:\users\school\documents\github\kattis-solutions\smartphone.cpp(4): fatal error C1083: Cannot open include file: 'stdafx.h': No such file or directory
  Statistics.cpp
c:\users\school\documents\github\kattis-solutions\statistics.cpp(4): fatal error C1083: Cannot open include file: 'stdafx.h': No such file or directory
  Two Stones.cpp
c:\users\school\documents\github\kattis-solutions\two stones.cpp(4): fatal error C1083: Cannot open include file: 'stdafx.h': No such file or directory
  Un-bear-able Zoo.cpp
c:\users\school\documents\github\kattis-solutions\un-bear-able zoo.cpp(2): fatal error C1083: Cannot open include file: 'stdafx.h': No such file or directory
  woodcutting.cpp
c1xx : fatal error C1083: Cannot open source file: 'unsolved\woodcutting.cpp': No such file or directory
  Generating Code...
